2024-11-30 03:53:34 INFO  GetWebDriver:65 - Log file './logs/application.log' cleaned successfully.
2024-11-30 03:53:34 DEBUG WebDriverManager:227 - Using WebDriverManager 5.9.2
2024-11-30 03:53:34 DEBUG ResolutionCache:186 - Resolution chrome=131 in cache (valid until 04:50:03 30/11/2024 EET)
2024-11-30 03:53:34 DEBUG ResolutionCache:186 - Resolution chrome131=131.0.6778.85 in cache (valid until 03:50:03 01/12/2024 EET)
2024-11-30 03:53:34 INFO  WebDriverManager:1220 - Using chromedriver 131.0.6778.85 (resolved driver for Chrome 131)
2024-11-30 03:53:34 DEBUG WebDriverManager:1179 - Driver chromedriver 131.0.6778.85 found in cache
2024-11-30 03:53:34 INFO  WebDriverManager:1282 - Exporting webdriver.chrome.driver as C:\Users\Dell\.cache\selenium\chromedriver\win64\131.0.6778.85\chromedriver.exe
2024-11-30 03:53:34 INFO  GetWebDriver:19 - Launching Chrome browser with mode: incognito
2024-11-30 03:53:36 DEBUG GetWebDriver:54 - Browser window maximized
2024-11-30 03:53:36 DEBUG GetWebDriver:59 - Implicit wait of 10 seconds set for all elements
2024-11-30 03:53:36 INFO  GetWebDriver:49 - Website loaded successfully in normal mode for Chrome
2024-11-30 03:53:38 INFO  AllureLog4jListener:35 - Logs are attached with Allure report.
2024-11-30 03:53:40 INFO  AllureLog4jListener:35 - Logs are attached with Allure report.
2024-11-30 03:53:40 DEBUG GetWebDriver:20 - Open login page to enter with invalid credential
2024-11-30 03:53:40 INFO  AllureLog4jListener:35 - Logs are attached with Allure report.
2024-11-30 03:53:40 INFO  AllureLog4jListener:35 - Logs are attached with Allure report.
2024-11-30 03:53:40 DEBUG GetWebDriver:20 - Open login page to enter with invalid credential
2024-11-30 03:53:40 INFO  BasePage:33 - You are in the login page. Expected title: 'Login', Actual title: 'Login'
2024-11-30 03:53:42 INFO  BasePage:46 - You have entered the username and password
2024-11-30 03:53:42 INFO  GetWebDriver:23 - The login with invalid credential
2024-11-30 03:53:42 WARN  BasePage:54 - Invalid login attempt: Invalid credentials
2024-11-30 03:53:42 INFO  AllureLog4jListener:35 - Logs are attached with Allure report.
2024-11-30 03:53:42 INFO  AllureLog4jListener:35 - Logs are attached with Allure report.
2024-11-30 03:53:42 DEBUG GetWebDriver:30 - Open login page
2024-11-30 03:53:42 INFO  BasePage:33 - You are in the login page. Expected title: 'Login', Actual title: 'Login'
2024-11-30 03:53:42 INFO  BasePage:46 - You have entered the username and password
2024-11-30 03:53:42 INFO  GetWebDriver:33 - The login with valid credential
2024-11-30 03:53:44 INFO  BasePage:62 - Successfully logged in, dashboard title: 'Dashboard'
2024-11-30 03:53:44 INFO  AllureLog4jListener:35 - Logs are attached with Allure report.
2024-11-30 03:53:44 INFO  AllureLog4jListener:35 - Logs are attached with Allure report.
2024-11-30 03:53:44 INFO  GetWebDriver:105 - Recording stopped.
2024-11-30 03:53:44 INFO  AllureLog4jListener:35 - Logs are attached with Allure report.
2024-11-30 03:53:44 INFO  AllureLog4jListener:35 - Logs are attached with Allure report.
2024-11-30 03:53:44 INFO  GetWebDriver:18 - Starting the test: Enter_Form
2024-11-30 03:53:44 INFO  GetWebDriver:22 - Clicking on Info Icon
2024-11-30 03:53:45 INFO  GetWebDriver:25 - Clicking on Personal Data
2024-11-30 03:53:46 INFO  GetWebDriver:28 - Entering form data: FirstName=Mohamed, MiddleName=Tawfeek, LastName=Mohamed
2024-11-30 03:53:47 INFO  GetWebDriver:31 - Clicking Save
2024-11-30 03:53:47 INFO  GetWebDriver:34 - Test Enter_Form completed successfully
2024-11-30 03:53:47 INFO  AllureLog4jListener:35 - Logs are attached with Allure report.
2024-11-30 03:53:47 INFO  AllureLog4jListener:35 - Logs are attached with Allure report.
2024-11-30 03:53:47 INFO  GetWebDriver:105 - Recording stopped.
2024-11-30 03:53:47 INFO  AllureLog4jListener:35 - Logs are attached with Allure report.
2024-11-30 03:53:47 INFO  AllureLog4jListener:35 - Logs are attached with Allure report.
2024-11-30 03:54:05 DEBUG ZipPackage:546 - Save core properties part
2024-11-30 03:54:05 DEBUG ZipPackage:568 - Save content types part
2024-11-30 03:54:05 DEBUG ZipPackage:572 - Save package relationships
2024-11-30 03:54:05 DEBUG ZipPackage:586 - Save part 'docProps/app.xml'
2024-11-30 03:54:05 DEBUG ZipPackage:586 - Save part 'docProps/core.xml'
2024-11-30 03:54:05 DEBUG ZipPackage:586 - Save part 'xl/sharedStrings.xml'
2024-11-30 03:54:05 DEBUG ZipPackage:586 - Save part 'xl/styles.xml'
2024-11-30 03:54:05 DEBUG ZipPackage:586 - Save part 'xl/workbook.xml'
2024-11-30 03:54:05 DEBUG ZipPackage:586 - Save part 'xl/worksheets/sheet1.xml'
2024-11-30 03:54:05 DEBUG ZipPackage:568 - Save content types part
2024-11-30 03:54:05 DEBUG ZipPackage:572 - Save package relationships
2024-11-30 03:54:05 DEBUG ZipPackage:586 - Save part 'docProps/app.xml'
2024-11-30 03:54:05 DEBUG ZipPackage:586 - Save part 'docProps/core.xml'
2024-11-30 03:54:05 DEBUG ZipPackage:586 - Save part 'xl/sharedStrings.xml'
2024-11-30 03:54:05 DEBUG ZipPackage:586 - Save part 'xl/styles.xml'
2024-11-30 03:54:05 DEBUG ZipPackage:586 - Save part 'xl/workbook.xml'
2024-11-30 03:54:05 DEBUG ZipPackage:586 - Save part 'xl/worksheets/sheet1.xml'
2024-11-30 03:54:05 INFO  BasePage:88 - Successfully collected and saved employee names.
2024-11-30 03:54:05 INFO  AllureLog4jListener:35 - Logs are attached with Allure report.
2024-11-30 03:54:05 INFO  AllureLog4jListener:35 - Logs are attached with Allure report.
2024-11-30 03:54:05 INFO  GetWebDriver:105 - Recording stopped.
2024-11-30 03:54:05 INFO  AllureLog4jListener:35 - Logs are attached with Allure report.
2024-11-30 03:54:05 INFO  AllureLog4jListener:35 - Logs are attached with Allure report.
2024-11-30 03:54:06 INFO  GetWebDriver:21 - Starting Enter_Admin_Valid test with UserRole: A, Status: E, EmployeeName: savina dulvin, UserName: Mohamed
2024-11-30 03:54:06 INFO  BasePage:44 - Clicked on Admin Icon
2024-11-30 03:54:07 INFO  BasePage:43 - Admin title is present: Admin
2024-11-30 03:54:07 INFO  BasePage:56 - Clicked on Add Employee Button
2024-11-30 03:54:07 INFO  BasePage:63 - Entered User Role
2024-11-30 03:54:07 DEBUG PackageRelationshipCollection:307 - Parsing relationship: /xl/_rels/workbook.xml.rels
2024-11-30 03:54:07 DEBUG PackageRelationshipCollection:307 - Parsing relationship: /_rels/.rels
2024-11-30 03:54:08 INFO  BasePage:62 - Entered Employee Name: Chad Baldwin
2024-11-30 03:54:18 INFO  AllureLog4jListener:35 - Logs are attached with Allure report.
2024-11-30 03:54:18 INFO  AllureLog4jListener:35 - Logs are attached with Allure report.
2024-11-30 03:54:18 INFO  GetWebDriver:21 - Starting Enter_Admin_Valid test with UserRole: A, Status: E, EmployeeName: savina dulvin, UserName: Mohamed
2024-11-30 03:54:18 INFO  BasePage:44 - Clicked on Admin Icon
2024-11-30 03:54:19 INFO  BasePage:43 - Admin title is present: Admin
2024-11-30 03:54:19 INFO  BasePage:56 - Clicked on Add Employee Button
2024-11-30 03:54:20 INFO  BasePage:63 - Entered User Role
2024-11-30 03:54:20 DEBUG PackageRelationshipCollection:307 - Parsing relationship: /xl/_rels/workbook.xml.rels
2024-11-30 03:54:20 DEBUG PackageRelationshipCollection:307 - Parsing relationship: /_rels/.rels
2024-11-30 03:54:20 INFO  BasePage:62 - Entered Employee Name: Thomas Kutty Benny
2024-11-30 03:54:30 INFO  AllureLog4jListener:35 - Logs are attached with Allure report.
2024-11-30 03:54:30 INFO  AllureLog4jListener:35 - Logs are attached with Allure report.
2024-11-30 03:54:30 INFO  GetWebDriver:21 - Starting Enter_Admin_Valid test with UserRole: E, Status: D, EmployeeName: savina dulvin, UserName: Tawfeek
2024-11-30 03:54:31 INFO  BasePage:44 - Clicked on Admin Icon
2024-11-30 03:54:31 INFO  BasePage:43 - Admin title is present: Admin
2024-11-30 03:54:32 INFO  BasePage:56 - Clicked on Add Employee Button
2024-11-30 03:54:32 INFO  BasePage:63 - Entered User Role
2024-11-30 03:54:32 DEBUG PackageRelationshipCollection:307 - Parsing relationship: /xl/_rels/workbook.xml.rels
2024-11-30 03:54:32 DEBUG PackageRelationshipCollection:307 - Parsing relationship: /_rels/.rels
2024-11-30 03:54:32 INFO  BasePage:62 - Entered Employee Name: Daniel Abbott
2024-11-30 03:54:42 INFO  AllureLog4jListener:35 - Logs are attached with Allure report.
2024-11-30 03:54:42 INFO  AllureLog4jListener:35 - Logs are attached with Allure report.
2024-11-30 03:54:42 INFO  GetWebDriver:21 - Starting Enter_Admin_Valid test with UserRole: E, Status: D, EmployeeName: savina dulvin, UserName: Tawfeek
2024-11-30 03:54:43 INFO  BasePage:44 - Clicked on Admin Icon
2024-11-30 03:54:43 INFO  BasePage:43 - Admin title is present: Admin
2024-11-30 03:54:44 INFO  BasePage:56 - Clicked on Add Employee Button
2024-11-30 03:54:44 INFO  BasePage:63 - Entered User Role
2024-11-30 03:54:44 DEBUG PackageRelationshipCollection:307 - Parsing relationship: /xl/_rels/workbook.xml.rels
2024-11-30 03:54:44 DEBUG PackageRelationshipCollection:307 - Parsing relationship: /_rels/.rels
2024-11-30 03:54:44 INFO  BasePage:62 - Entered Employee Name: Timothy Lewis Amiano
2024-11-30 03:54:54 INFO  AllureLog4jListener:35 - Logs are attached with Allure report.
2024-11-30 03:54:54 INFO  AllureLog4jListener:35 - Logs are attached with Allure report.
2024-11-30 03:54:54 INFO  GetWebDriver:21 - Starting Enter_Admin_Valid test with UserRole: A, Status: D, EmployeeName: savina dulvin, UserName: Abdel Gafar
2024-11-30 03:54:55 INFO  BasePage:44 - Clicked on Admin Icon
2024-11-30 03:54:56 INFO  BasePage:43 - Admin title is present: Admin
2024-11-30 03:54:56 INFO  BasePage:56 - Clicked on Add Employee Button
2024-11-30 03:54:56 INFO  BasePage:63 - Entered User Role
2024-11-30 03:54:56 DEBUG PackageRelationshipCollection:307 - Parsing relationship: /xl/_rels/workbook.xml.rels
2024-11-30 03:54:56 DEBUG PackageRelationshipCollection:307 - Parsing relationship: /_rels/.rels
2024-11-30 03:54:56 INFO  BasePage:62 - Entered Employee Name: Ravi M B
2024-11-30 03:55:07 INFO  AllureLog4jListener:35 - Logs are attached with Allure report.
2024-11-30 03:55:07 INFO  AllureLog4jListener:35 - Logs are attached with Allure report.
2024-11-30 03:55:07 INFO  GetWebDriver:21 - Starting Enter_Admin_Valid test with UserRole: A, Status: D, EmployeeName: savina dulvin, UserName: Abdel Gafar
2024-11-30 03:55:07 INFO  BasePage:44 - Clicked on Admin Icon
2024-11-30 03:55:08 INFO  BasePage:43 - Admin title is present: Admin
2024-11-30 03:55:08 INFO  BasePage:56 - Clicked on Add Employee Button
2024-11-30 03:55:08 INFO  BasePage:63 - Entered User Role
2024-11-30 03:55:08 DEBUG PackageRelationshipCollection:307 - Parsing relationship: /xl/_rels/workbook.xml.rels
2024-11-30 03:55:08 DEBUG PackageRelationshipCollection:307 - Parsing relationship: /_rels/.rels
2024-11-30 03:55:09 INFO  BasePage:62 - Entered Employee Name: 99N75 425 5TlV
2024-11-30 03:55:19 INFO  AllureLog4jListener:35 - Logs are attached with Allure report.
2024-11-30 03:55:19 INFO  AllureLog4jListener:35 - Logs are attached with Allure report.
2024-11-30 03:55:19 INFO  GetWebDriver:21 - Starting Enter_Admin_Valid test with UserRole: A, Status: D, EmployeeName: savina dulvin, UserName: Hassan
2024-11-30 03:55:19 INFO  BasePage:44 - Clicked on Admin Icon
2024-11-30 03:55:20 INFO  BasePage:43 - Admin title is present: Admin
2024-11-30 03:55:20 INFO  BasePage:56 - Clicked on Add Employee Button
2024-11-30 03:55:21 INFO  BasePage:63 - Entered User Role
2024-11-30 03:55:21 DEBUG PackageRelationshipCollection:307 - Parsing relationship: /xl/_rels/workbook.xml.rels
2024-11-30 03:55:21 DEBUG PackageRelationshipCollection:307 - Parsing relationship: /_rels/.rels
2024-11-30 03:55:21 INFO  BasePage:62 - Entered Employee Name: Thomas Kutty Benny
2024-11-30 03:55:31 INFO  AllureLog4jListener:35 - Logs are attached with Allure report.
2024-11-30 03:55:31 INFO  AllureLog4jListener:35 - Logs are attached with Allure report.
2024-11-30 03:55:31 INFO  GetWebDriver:21 - Starting Enter_Admin_Valid test with UserRole: A, Status: D, EmployeeName: savina dulvin, UserName: Hassan
2024-11-30 03:55:32 INFO  BasePage:44 - Clicked on Admin Icon
2024-11-30 03:55:32 INFO  BasePage:43 - Admin title is present: Admin
2024-11-30 03:55:32 INFO  BasePage:56 - Clicked on Add Employee Button
2024-11-30 03:55:33 INFO  BasePage:63 - Entered User Role
2024-11-30 03:55:33 DEBUG PackageRelationshipCollection:307 - Parsing relationship: /xl/_rels/workbook.xml.rels
2024-11-30 03:55:33 DEBUG PackageRelationshipCollection:307 - Parsing relationship: /_rels/.rels
2024-11-30 03:55:33 INFO  BasePage:62 - Entered Employee Name: Daniel Abbott
2024-11-30 03:55:43 INFO  AllureLog4jListener:35 - Logs are attached with Allure report.
2024-11-30 03:55:43 INFO  AllureLog4jListener:35 - Logs are attached with Allure report.
2024-11-30 03:55:43 INFO  GetWebDriver:21 - Starting Enter_Admin_Valid test with UserRole: A, Status: D, EmployeeName: , UserName: 111@1245
2024-11-30 03:55:44 INFO  BasePage:44 - Clicked on Admin Icon
2024-11-30 03:55:44 INFO  BasePage:43 - Admin title is present: Admin
2024-11-30 03:55:45 INFO  BasePage:56 - Clicked on Add Employee Button
2024-11-30 03:55:45 INFO  BasePage:63 - Entered User Role
2024-11-30 03:55:45 DEBUG PackageRelationshipCollection:307 - Parsing relationship: /xl/_rels/workbook.xml.rels
2024-11-30 03:55:45 DEBUG PackageRelationshipCollection:307 - Parsing relationship: /_rels/.rels
2024-11-30 03:55:45 INFO  BasePage:62 - Entered Employee Name: mohamed ahm ashraf
2024-11-30 03:55:55 INFO  AllureLog4jListener:35 - Logs are attached with Allure report.
2024-11-30 03:55:55 INFO  AllureLog4jListener:35 - Logs are attached with Allure report.
2024-11-30 03:55:55 INFO  GetWebDriver:21 - Starting Enter_Admin_Valid test with UserRole: A, Status: D, EmployeeName: , UserName: 111@1245
2024-11-30 03:55:56 INFO  BasePage:44 - Clicked on Admin Icon
2024-11-30 03:55:57 INFO  BasePage:43 - Admin title is present: Admin
2024-11-30 03:55:57 INFO  BasePage:56 - Clicked on Add Employee Button
2024-11-30 03:55:58 INFO  BasePage:63 - Entered User Role
2024-11-30 03:55:58 DEBUG PackageRelationshipCollection:307 - Parsing relationship: /xl/_rels/workbook.xml.rels
2024-11-30 03:55:58 DEBUG PackageRelationshipCollection:307 - Parsing relationship: /_rels/.rels
2024-11-30 03:55:58 INFO  BasePage:62 - Entered Employee Name: 99N75 425 5TlV
2024-11-30 03:56:08 INFO  AllureLog4jListener:35 - Logs are attached with Allure report.
2024-11-30 03:56:08 INFO  AllureLog4jListener:35 - Logs are attached with Allure report.
2024-11-30 03:56:08 INFO  GetWebDriver:21 - Starting Enter_Admin_Valid test with UserRole: E, Status: E, EmployeeName: """""""""""", UserName: """"""""""""
2024-11-30 03:56:09 INFO  BasePage:44 - Clicked on Admin Icon
2024-11-30 03:56:09 INFO  BasePage:43 - Admin title is present: Admin
2024-11-30 03:56:10 INFO  BasePage:56 - Clicked on Add Employee Button
2024-11-30 03:56:10 INFO  BasePage:63 - Entered User Role
2024-11-30 03:56:10 DEBUG PackageRelationshipCollection:307 - Parsing relationship: /xl/_rels/workbook.xml.rels
2024-11-30 03:56:10 DEBUG PackageRelationshipCollection:307 - Parsing relationship: /_rels/.rels
2024-11-30 03:56:10 INFO  BasePage:62 - Entered Employee Name: Peter Mac Anderson
2024-11-30 03:56:20 INFO  AllureLog4jListener:35 - Logs are attached with Allure report.
2024-11-30 03:56:20 INFO  AllureLog4jListener:35 - Logs are attached with Allure report.
2024-11-30 03:56:20 INFO  GetWebDriver:21 - Starting Enter_Admin_Valid test with UserRole: E, Status: E, EmployeeName: """""""""""", UserName: """"""""""""
2024-11-30 03:56:21 INFO  BasePage:44 - Clicked on Admin Icon
2024-11-30 03:56:21 INFO  BasePage:43 - Admin title is present: Admin
2024-11-30 03:56:22 INFO  BasePage:56 - Clicked on Add Employee Button
2024-11-30 03:56:22 INFO  BasePage:63 - Entered User Role
2024-11-30 03:56:22 DEBUG PackageRelationshipCollection:307 - Parsing relationship: /xl/_rels/workbook.xml.rels
2024-11-30 03:56:22 DEBUG PackageRelationshipCollection:307 - Parsing relationship: /_rels/.rels
2024-11-30 03:56:22 INFO  BasePage:62 - Entered Employee Name: Thomas Kutty Benny
2024-11-30 03:56:32 INFO  AllureLog4jListener:35 - Logs are attached with Allure report.
2024-11-30 03:56:32 INFO  AllureLog4jListener:35 - Logs are attached with Allure report.
2024-11-30 03:56:32 INFO  GetWebDriver:21 - Starting Enter_Admin_Valid test with UserRole: E, Status: E, EmployeeName: Tefa, UserName: 123
2024-11-30 03:56:33 INFO  BasePage:44 - Clicked on Admin Icon
2024-11-30 03:56:33 INFO  BasePage:43 - Admin title is present: Admin
2024-11-30 03:56:34 INFO  BasePage:56 - Clicked on Add Employee Button
2024-11-30 03:56:34 INFO  BasePage:63 - Entered User Role
2024-11-30 03:56:34 DEBUG PackageRelationshipCollection:307 - Parsing relationship: /xl/_rels/workbook.xml.rels
2024-11-30 03:56:34 DEBUG PackageRelationshipCollection:307 - Parsing relationship: /_rels/.rels
2024-11-30 03:56:34 INFO  BasePage:62 - Entered Employee Name: 99N75 425 5TlV
2024-11-30 03:56:44 INFO  AllureLog4jListener:35 - Logs are attached with Allure report.
2024-11-30 03:56:45 INFO  AllureLog4jListener:35 - Logs are attached with Allure report.
2024-11-30 03:56:45 INFO  GetWebDriver:21 - Starting Enter_Admin_Valid test with UserRole: E, Status: E, EmployeeName: Tefa, UserName: 123
2024-11-30 03:56:45 INFO  BasePage:44 - Clicked on Admin Icon
2024-11-30 03:56:46 INFO  BasePage:43 - Admin title is present: Admin
2024-11-30 03:56:46 INFO  BasePage:56 - Clicked on Add Employee Button
2024-11-30 03:56:46 INFO  BasePage:63 - Entered User Role
2024-11-30 03:56:46 DEBUG PackageRelationshipCollection:307 - Parsing relationship: /xl/_rels/workbook.xml.rels
2024-11-30 03:56:46 DEBUG PackageRelationshipCollection:307 - Parsing relationship: /_rels/.rels
2024-11-30 03:56:47 INFO  BasePage:62 - Entered Employee Name: Chad Baldwin
2024-11-30 03:56:57 INFO  AllureLog4jListener:35 - Logs are attached with Allure report.
2024-11-30 03:56:57 INFO  AllureLog4jListener:35 - Logs are attached with Allure report.
2024-11-30 03:56:57 INFO  GetWebDriver:21 - Starting Enter_Admin_Valid test with UserRole: A, Status: E, EmployeeName: savina dulvin, UserName: Mohamed
2024-11-30 03:56:57 INFO  BasePage:44 - Clicked on Admin Icon
2024-11-30 03:56:58 INFO  BasePage:43 - Admin title is present: Admin
2024-11-30 03:56:58 INFO  BasePage:56 - Clicked on Add Employee Button
2024-11-30 03:56:59 INFO  BasePage:63 - Entered User Role
2024-11-30 03:56:59 DEBUG PackageRelationshipCollection:307 - Parsing relationship: /xl/_rels/workbook.xml.rels
2024-11-30 03:56:59 DEBUG PackageRelationshipCollection:307 - Parsing relationship: /_rels/.rels
2024-11-30 03:56:59 INFO  BasePage:62 - Entered Employee Name: Ahmed karim ali
2024-11-30 03:57:09 INFO  AllureLog4jListener:35 - Logs are attached with Allure report.
2024-11-30 03:57:09 INFO  AllureLog4jListener:35 - Logs are attached with Allure report.
2024-11-30 03:57:09 INFO  GetWebDriver:21 - Starting Enter_Admin_Valid test with UserRole: A, Status: E, EmployeeName: savina dulvin, UserName: Mohamed
2024-11-30 03:57:09 INFO  BasePage:44 - Clicked on Admin Icon
2024-11-30 03:57:10 INFO  BasePage:43 - Admin title is present: Admin
2024-11-30 03:57:10 INFO  BasePage:56 - Clicked on Add Employee Button
2024-11-30 03:57:11 INFO  BasePage:63 - Entered User Role
2024-11-30 03:57:11 DEBUG PackageRelationshipCollection:307 - Parsing relationship: /xl/_rels/workbook.xml.rels
2024-11-30 03:57:11 DEBUG PackageRelationshipCollection:307 - Parsing relationship: /_rels/.rels
2024-11-30 03:57:11 INFO  BasePage:62 - Entered Employee Name: Daniel Abbott
2024-11-30 03:57:21 INFO  AllureLog4jListener:35 - Logs are attached with Allure report.
2024-11-30 03:57:21 INFO  AllureLog4jListener:35 - Logs are attached with Allure report.
2024-11-30 03:57:21 INFO  GetWebDriver:40 - Starting Enter_Admin_inValid_Mismatch_Pass_ConfirmPass test with UserRole: A, Status: E, EmployeeName: savina dulvin, UserName: Mohamed
2024-11-30 03:57:22 INFO  BasePage:44 - Clicked on Admin Icon
2024-11-30 03:57:22 INFO  BasePage:43 - Admin title is present: Admin
2024-11-30 03:57:23 INFO  BasePage:56 - Clicked on Add Employee Button
2024-11-30 03:57:23 INFO  BasePage:63 - Entered User Role
2024-11-30 03:57:23 DEBUG PackageRelationshipCollection:307 - Parsing relationship: /xl/_rels/workbook.xml.rels
2024-11-30 03:57:23 DEBUG PackageRelationshipCollection:307 - Parsing relationship: /_rels/.rels
2024-11-30 03:57:23 INFO  BasePage:62 - Entered Employee Name: mohamed ahm ashraf
2024-11-30 03:57:33 INFO  AllureLog4jListener:35 - Logs are attached with Allure report.
2024-11-30 03:57:33 INFO  AllureLog4jListener:35 - Logs are attached with Allure report.
2024-11-30 03:57:33 INFO  GetWebDriver:40 - Starting Enter_Admin_inValid_Mismatch_Pass_ConfirmPass test with UserRole: A, Status: E, EmployeeName: savina dulvin, UserName: Mohamed
2024-11-30 03:57:34 INFO  BasePage:44 - Clicked on Admin Icon
2024-11-30 03:57:34 INFO  BasePage:43 - Admin title is present: Admin
2024-11-30 03:57:35 INFO  BasePage:56 - Clicked on Add Employee Button
2024-11-30 03:57:35 INFO  BasePage:63 - Entered User Role
2024-11-30 03:57:35 DEBUG PackageRelationshipCollection:307 - Parsing relationship: /xl/_rels/workbook.xml.rels
2024-11-30 03:57:35 DEBUG PackageRelationshipCollection:307 - Parsing relationship: /_rels/.rels
2024-11-30 03:57:35 INFO  BasePage:62 - Entered Employee Name: Ahmed karim ali
2024-11-30 03:57:45 INFO  AllureLog4jListener:35 - Logs are attached with Allure report.
2024-11-30 03:57:45 INFO  AllureLog4jListener:35 - Logs are attached with Allure report.
2024-11-30 03:57:45 INFO  GetWebDriver:40 - Starting Enter_Admin_inValid_Mismatch_Pass_ConfirmPass test with UserRole: E, Status: D, EmployeeName: savina dulvin, UserName: Tawfeek
2024-11-30 03:57:46 INFO  BasePage:44 - Clicked on Admin Icon
2024-11-30 03:57:47 INFO  BasePage:43 - Admin title is present: Admin
2024-11-30 03:57:47 INFO  BasePage:56 - Clicked on Add Employee Button
2024-11-30 03:57:47 INFO  BasePage:63 - Entered User Role
2024-11-30 03:57:47 DEBUG PackageRelationshipCollection:307 - Parsing relationship: /xl/_rels/workbook.xml.rels
2024-11-30 03:57:47 DEBUG PackageRelationshipCollection:307 - Parsing relationship: /_rels/.rels
2024-11-30 03:57:47 INFO  BasePage:62 - Entered Employee Name: yedghjb1 ru84 90jsnd
2024-11-30 03:57:57 INFO  AllureLog4jListener:35 - Logs are attached with Allure report.
2024-11-30 03:57:57 INFO  AllureLog4jListener:35 - Logs are attached with Allure report.
2024-11-30 03:57:57 INFO  GetWebDriver:40 - Starting Enter_Admin_inValid_Mismatch_Pass_ConfirmPass test with UserRole: E, Status: D, EmployeeName: savina dulvin, UserName: Tawfeek
2024-11-30 03:57:59 INFO  BasePage:44 - Clicked on Admin Icon
2024-11-30 03:57:59 INFO  BasePage:43 - Admin title is present: Admin
2024-11-30 03:57:59 INFO  BasePage:56 - Clicked on Add Employee Button
2024-11-30 03:58:00 INFO  BasePage:63 - Entered User Role
2024-11-30 03:58:00 DEBUG PackageRelationshipCollection:307 - Parsing relationship: /xl/_rels/workbook.xml.rels
2024-11-30 03:58:00 DEBUG PackageRelationshipCollection:307 - Parsing relationship: /_rels/.rels
2024-11-30 03:58:00 INFO  BasePage:62 - Entered Employee Name: Daniel Abbott
2024-11-30 03:58:10 INFO  AllureLog4jListener:35 - Logs are attached with Allure report.
2024-11-30 03:58:10 INFO  AllureLog4jListener:35 - Logs are attached with Allure report.
2024-11-30 03:58:10 INFO  GetWebDriver:40 - Starting Enter_Admin_inValid_Mismatch_Pass_ConfirmPass test with UserRole: A, Status: D, EmployeeName: savina dulvin, UserName: Abdel Gafar
2024-11-30 03:58:11 INFO  BasePage:44 - Clicked on Admin Icon
2024-11-30 03:58:11 INFO  BasePage:43 - Admin title is present: Admin
2024-11-30 03:58:12 INFO  BasePage:56 - Clicked on Add Employee Button
2024-11-30 03:58:12 INFO  BasePage:63 - Entered User Role
2024-11-30 03:58:12 DEBUG PackageRelationshipCollection:307 - Parsing relationship: /xl/_rels/workbook.xml.rels
2024-11-30 03:58:12 DEBUG PackageRelationshipCollection:307 - Parsing relationship: /_rels/.rels
2024-11-30 03:58:12 INFO  BasePage:62 - Entered Employee Name: mohamed ahm ashraf
2024-11-30 03:58:22 INFO  AllureLog4jListener:35 - Logs are attached with Allure report.
2024-11-30 03:58:22 INFO  AllureLog4jListener:35 - Logs are attached with Allure report.
2024-11-30 03:58:22 INFO  GetWebDriver:40 - Starting Enter_Admin_inValid_Mismatch_Pass_ConfirmPass test with UserRole: A, Status: D, EmployeeName: savina dulvin, UserName: Abdel Gafar
2024-11-30 03:58:23 INFO  BasePage:44 - Clicked on Admin Icon
2024-11-30 03:58:23 INFO  BasePage:43 - Admin title is present: Admin
2024-11-30 03:58:24 INFO  BasePage:56 - Clicked on Add Employee Button
2024-11-30 03:58:24 INFO  BasePage:63 - Entered User Role
2024-11-30 03:58:24 DEBUG PackageRelationshipCollection:307 - Parsing relationship: /xl/_rels/workbook.xml.rels
2024-11-30 03:58:24 DEBUG PackageRelationshipCollection:307 - Parsing relationship: /_rels/.rels
2024-11-30 03:58:24 INFO  BasePage:62 - Entered Employee Name: 99N75 425 5TlV
2024-11-30 03:58:34 INFO  AllureLog4jListener:35 - Logs are attached with Allure report.
2024-11-30 03:58:34 INFO  AllureLog4jListener:35 - Logs are attached with Allure report.
2024-11-30 03:58:34 INFO  GetWebDriver:40 - Starting Enter_Admin_inValid_Mismatch_Pass_ConfirmPass test with UserRole: A, Status: D, EmployeeName: savina dulvin, UserName: Hassan
2024-11-30 03:58:35 INFO  BasePage:44 - Clicked on Admin Icon
2024-11-30 03:58:36 INFO  BasePage:43 - Admin title is present: Admin
2024-11-30 03:58:36 INFO  BasePage:56 - Clicked on Add Employee Button
2024-11-30 03:58:36 INFO  BasePage:63 - Entered User Role
2024-11-30 03:58:37 DEBUG PackageRelationshipCollection:307 - Parsing relationship: /xl/_rels/workbook.xml.rels
2024-11-30 03:58:37 DEBUG PackageRelationshipCollection:307 - Parsing relationship: /_rels/.rels
2024-11-30 03:58:37 INFO  BasePage:62 - Entered Employee Name: yedghjb1 ru84 90jsnd
2024-11-30 03:58:47 INFO  AllureLog4jListener:35 - Logs are attached with Allure report.
2024-11-30 03:58:47 INFO  AllureLog4jListener:35 - Logs are attached with Allure report.
2024-11-30 03:58:47 INFO  GetWebDriver:40 - Starting Enter_Admin_inValid_Mismatch_Pass_ConfirmPass test with UserRole: A, Status: D, EmployeeName: savina dulvin, UserName: Hassan
2024-11-30 03:58:48 INFO  BasePage:44 - Clicked on Admin Icon
2024-11-30 03:58:48 INFO  BasePage:43 - Admin title is present: Admin
2024-11-30 03:58:49 INFO  BasePage:56 - Clicked on Add Employee Button
2024-11-30 03:58:49 INFO  BasePage:63 - Entered User Role
2024-11-30 03:58:49 DEBUG PackageRelationshipCollection:307 - Parsing relationship: /xl/_rels/workbook.xml.rels
2024-11-30 03:58:49 DEBUG PackageRelationshipCollection:307 - Parsing relationship: /_rels/.rels
2024-11-30 03:58:49 INFO  BasePage:62 - Entered Employee Name: Ravi M B
2024-11-30 03:58:59 INFO  AllureLog4jListener:35 - Logs are attached with Allure report.
2024-11-30 03:59:00 INFO  AllureLog4jListener:35 - Logs are attached with Allure report.
2024-11-30 03:59:00 INFO  GetWebDriver:40 - Starting Enter_Admin_inValid_Mismatch_Pass_ConfirmPass test with UserRole: A, Status: D, EmployeeName: , UserName: 111@1245
2024-11-30 03:59:00 INFO  BasePage:44 - Clicked on Admin Icon
2024-11-30 03:59:01 INFO  BasePage:43 - Admin title is present: Admin
2024-11-30 03:59:01 INFO  BasePage:56 - Clicked on Add Employee Button
2024-11-30 03:59:01 INFO  BasePage:63 - Entered User Role
2024-11-30 03:59:01 DEBUG PackageRelationshipCollection:307 - Parsing relationship: /xl/_rels/workbook.xml.rels
2024-11-30 03:59:01 DEBUG PackageRelationshipCollection:307 - Parsing relationship: /_rels/.rels
2024-11-30 03:59:02 INFO  BasePage:62 - Entered Employee Name: mohamed ahm ashraf
2024-11-30 03:59:12 INFO  AllureLog4jListener:35 - Logs are attached with Allure report.
2024-11-30 03:59:12 INFO  AllureLog4jListener:35 - Logs are attached with Allure report.
2024-11-30 03:59:12 INFO  GetWebDriver:40 - Starting Enter_Admin_inValid_Mismatch_Pass_ConfirmPass test with UserRole: A, Status: D, EmployeeName: , UserName: 111@1245
2024-11-30 03:59:12 INFO  BasePage:44 - Clicked on Admin Icon
2024-11-30 03:59:13 INFO  BasePage:43 - Admin title is present: Admin
2024-11-30 03:59:13 INFO  BasePage:56 - Clicked on Add Employee Button
2024-11-30 03:59:13 INFO  BasePage:63 - Entered User Role
2024-11-30 03:59:13 DEBUG PackageRelationshipCollection:307 - Parsing relationship: /xl/_rels/workbook.xml.rels
2024-11-30 03:59:13 DEBUG PackageRelationshipCollection:307 - Parsing relationship: /_rels/.rels
2024-11-30 03:59:14 INFO  BasePage:62 - Entered Employee Name: Ahmed karim ali
2024-11-30 03:59:24 INFO  AllureLog4jListener:35 - Logs are attached with Allure report.
2024-11-30 03:59:24 INFO  AllureLog4jListener:35 - Logs are attached with Allure report.
2024-11-30 03:59:24 INFO  GetWebDriver:40 - Starting Enter_Admin_inValid_Mismatch_Pass_ConfirmPass test with UserRole: E, Status: E, EmployeeName: """""""""""", UserName: """"""""""""
2024-11-30 03:59:24 INFO  BasePage:44 - Clicked on Admin Icon
2024-11-30 03:59:25 INFO  BasePage:43 - Admin title is present: Admin
2024-11-30 03:59:25 INFO  BasePage:56 - Clicked on Add Employee Button
2024-11-30 03:59:26 INFO  BasePage:63 - Entered User Role
2024-11-30 03:59:26 DEBUG PackageRelationshipCollection:307 - Parsing relationship: /xl/_rels/workbook.xml.rels
2024-11-30 03:59:26 DEBUG PackageRelationshipCollection:307 - Parsing relationship: /_rels/.rels
2024-11-30 03:59:26 INFO  BasePage:62 - Entered Employee Name: Ranga Akunuri
2024-11-30 03:59:36 INFO  AllureLog4jListener:35 - Logs are attached with Allure report.
2024-11-30 03:59:36 INFO  AllureLog4jListener:35 - Logs are attached with Allure report.
2024-11-30 03:59:36 INFO  GetWebDriver:40 - Starting Enter_Admin_inValid_Mismatch_Pass_ConfirmPass test with UserRole: E, Status: E, EmployeeName: """""""""""", UserName: """"""""""""
2024-11-30 03:59:37 INFO  BasePage:44 - Clicked on Admin Icon
2024-11-30 03:59:37 INFO  BasePage:43 - Admin title is present: Admin
2024-11-30 03:59:37 INFO  BasePage:56 - Clicked on Add Employee Button
2024-11-30 03:59:38 INFO  BasePage:63 - Entered User Role
2024-11-30 03:59:38 DEBUG PackageRelationshipCollection:307 - Parsing relationship: /xl/_rels/workbook.xml.rels
2024-11-30 03:59:38 DEBUG PackageRelationshipCollection:307 - Parsing relationship: /_rels/.rels
2024-11-30 03:59:38 INFO  BasePage:62 - Entered Employee Name: yedghjb1 ru84 90jsnd
2024-11-30 03:59:48 INFO  AllureLog4jListener:35 - Logs are attached with Allure report.
2024-11-30 03:59:48 INFO  AllureLog4jListener:35 - Logs are attached with Allure report.
2024-11-30 03:59:48 INFO  GetWebDriver:40 - Starting Enter_Admin_inValid_Mismatch_Pass_ConfirmPass test with UserRole: E, Status: E, EmployeeName: Tefa, UserName: 123
2024-11-30 03:59:49 INFO  BasePage:44 - Clicked on Admin Icon
2024-11-30 03:59:49 INFO  BasePage:43 - Admin title is present: Admin
2024-11-30 03:59:49 INFO  BasePage:56 - Clicked on Add Employee Button
2024-11-30 03:59:50 INFO  BasePage:63 - Entered User Role
2024-11-30 03:59:50 DEBUG PackageRelationshipCollection:307 - Parsing relationship: /xl/_rels/workbook.xml.rels
2024-11-30 03:59:50 DEBUG PackageRelationshipCollection:307 - Parsing relationship: /_rels/.rels
2024-11-30 03:59:50 INFO  BasePage:62 - Entered Employee Name: Daniel Abbott
2024-11-30 04:00:00 INFO  AllureLog4jListener:35 - Logs are attached with Allure report.
2024-11-30 04:00:00 INFO  AllureLog4jListener:35 - Logs are attached with Allure report.
2024-11-30 04:00:00 INFO  GetWebDriver:40 - Starting Enter_Admin_inValid_Mismatch_Pass_ConfirmPass test with UserRole: E, Status: E, EmployeeName: Tefa, UserName: 123
2024-11-30 04:00:01 INFO  BasePage:44 - Clicked on Admin Icon
2024-11-30 04:00:01 INFO  BasePage:43 - Admin title is present: Admin
2024-11-30 04:00:02 INFO  BasePage:56 - Clicked on Add Employee Button
2024-11-30 04:00:02 INFO  BasePage:63 - Entered User Role
2024-11-30 04:00:02 DEBUG PackageRelationshipCollection:307 - Parsing relationship: /xl/_rels/workbook.xml.rels
2024-11-30 04:00:02 DEBUG PackageRelationshipCollection:307 - Parsing relationship: /_rels/.rels
2024-11-30 04:00:02 INFO  BasePage:62 - Entered Employee Name: Ahmed karim ali
2024-11-30 04:00:12 INFO  AllureLog4jListener:35 - Logs are attached with Allure report.
2024-11-30 04:00:12 INFO  AllureLog4jListener:35 - Logs are attached with Allure report.
2024-11-30 04:00:12 INFO  GetWebDriver:40 - Starting Enter_Admin_inValid_Mismatch_Pass_ConfirmPass test with UserRole: A, Status: E, EmployeeName: savina dulvin, UserName: Mohamed
2024-11-30 04:00:13 INFO  BasePage:44 - Clicked on Admin Icon
2024-11-30 04:00:13 INFO  BasePage:43 - Admin title is present: Admin
2024-11-30 04:00:14 INFO  BasePage:56 - Clicked on Add Employee Button
2024-11-30 04:00:14 INFO  BasePage:63 - Entered User Role
2024-11-30 04:00:14 DEBUG PackageRelationshipCollection:307 - Parsing relationship: /xl/_rels/workbook.xml.rels
2024-11-30 04:00:14 DEBUG PackageRelationshipCollection:307 - Parsing relationship: /_rels/.rels
2024-11-30 04:00:14 INFO  BasePage:62 - Entered Employee Name: Ahmed karim ali
2024-11-30 04:00:24 INFO  AllureLog4jListener:35 - Logs are attached with Allure report.
2024-11-30 04:00:24 INFO  AllureLog4jListener:35 - Logs are attached with Allure report.
2024-11-30 04:00:24 INFO  GetWebDriver:40 - Starting Enter_Admin_inValid_Mismatch_Pass_ConfirmPass test with UserRole: A, Status: E, EmployeeName: savina dulvin, UserName: Mohamed
2024-11-30 04:00:25 INFO  BasePage:44 - Clicked on Admin Icon
2024-11-30 04:00:25 INFO  BasePage:43 - Admin title is present: Admin
2024-11-30 04:00:26 INFO  BasePage:56 - Clicked on Add Employee Button
2024-11-30 04:00:26 INFO  BasePage:63 - Entered User Role
2024-11-30 04:00:26 DEBUG PackageRelationshipCollection:307 - Parsing relationship: /xl/_rels/workbook.xml.rels
2024-11-30 04:00:26 DEBUG PackageRelationshipCollection:307 - Parsing relationship: /_rels/.rels
2024-11-30 04:00:26 INFO  BasePage:62 - Entered Employee Name: Timothy Lewis Amiano
2024-11-30 04:00:36 INFO  AllureLog4jListener:35 - Logs are attached with Allure report.
2024-11-30 04:00:36 INFO  AllureLog4jListener:35 - Logs are attached with Allure report.
2024-11-30 04:00:36 INFO  GetWebDriver:63 - Starting Enter_Admin_inValid_empty_Pass test with UserRole: A, Status: E, EmployeeName: savina dulvin, UserName: Mohamed
2024-11-30 04:00:37 INFO  BasePage:44 - Clicked on Admin Icon
2024-11-30 04:00:38 INFO  BasePage:43 - Admin title is present: Admin
2024-11-30 04:00:38 INFO  BasePage:56 - Clicked on Add Employee Button
2024-11-30 04:00:38 INFO  BasePage:63 - Entered User Role
2024-11-30 04:00:38 DEBUG PackageRelationshipCollection:307 - Parsing relationship: /xl/_rels/workbook.xml.rels
2024-11-30 04:00:38 DEBUG PackageRelationshipCollection:307 - Parsing relationship: /_rels/.rels
2024-11-30 04:00:39 INFO  BasePage:62 - Entered Employee Name: mohamed ahm ashraf
2024-11-30 04:00:49 INFO  AllureLog4jListener:35 - Logs are attached with Allure report.
2024-11-30 04:00:49 INFO  AllureLog4jListener:35 - Logs are attached with Allure report.
2024-11-30 04:00:49 INFO  GetWebDriver:63 - Starting Enter_Admin_inValid_empty_Pass test with UserRole: A, Status: E, EmployeeName: savina dulvin, UserName: Mohamed
2024-11-30 04:00:49 INFO  BasePage:44 - Clicked on Admin Icon
2024-11-30 04:00:50 INFO  BasePage:43 - Admin title is present: Admin
2024-11-30 04:00:50 INFO  BasePage:56 - Clicked on Add Employee Button
2024-11-30 04:00:50 INFO  BasePage:63 - Entered User Role
2024-11-30 04:00:50 DEBUG PackageRelationshipCollection:307 - Parsing relationship: /xl/_rels/workbook.xml.rels
2024-11-30 04:00:50 DEBUG PackageRelationshipCollection:307 - Parsing relationship: /_rels/.rels
2024-11-30 04:00:51 INFO  BasePage:62 - Entered Employee Name: Ranga Akunuri
2024-11-30 04:01:01 INFO  AllureLog4jListener:35 - Logs are attached with Allure report.
2024-11-30 04:01:01 INFO  AllureLog4jListener:35 - Logs are attached with Allure report.
2024-11-30 04:01:01 INFO  GetWebDriver:63 - Starting Enter_Admin_inValid_empty_Pass test with UserRole: E, Status: D, EmployeeName: savina dulvin, UserName: Tawfeek
2024-11-30 04:01:01 INFO  BasePage:44 - Clicked on Admin Icon
2024-11-30 04:01:02 INFO  BasePage:43 - Admin title is present: Admin
2024-11-30 04:01:02 INFO  BasePage:56 - Clicked on Add Employee Button
2024-11-30 04:01:03 INFO  BasePage:63 - Entered User Role
2024-11-30 04:01:03 DEBUG PackageRelationshipCollection:307 - Parsing relationship: /xl/_rels/workbook.xml.rels
2024-11-30 04:01:03 DEBUG PackageRelationshipCollection:307 - Parsing relationship: /_rels/.rels
2024-11-30 04:01:03 INFO  BasePage:62 - Entered Employee Name: Peter Mac Anderson
2024-11-30 04:01:13 INFO  AllureLog4jListener:35 - Logs are attached with Allure report.
2024-11-30 04:01:13 INFO  AllureLog4jListener:35 - Logs are attached with Allure report.
2024-11-30 04:01:13 INFO  GetWebDriver:63 - Starting Enter_Admin_inValid_empty_Pass test with UserRole: E, Status: D, EmployeeName: savina dulvin, UserName: Tawfeek
2024-11-30 04:01:13 INFO  BasePage:44 - Clicked on Admin Icon
2024-11-30 04:01:14 INFO  BasePage:43 - Admin title is present: Admin
2024-11-30 04:01:14 INFO  BasePage:56 - Clicked on Add Employee Button
2024-11-30 04:01:15 INFO  BasePage:63 - Entered User Role
2024-11-30 04:01:15 DEBUG PackageRelationshipCollection:307 - Parsing relationship: /xl/_rels/workbook.xml.rels
2024-11-30 04:01:15 DEBUG PackageRelationshipCollection:307 - Parsing relationship: /_rels/.rels
2024-11-30 04:01:15 INFO  BasePage:62 - Entered Employee Name: mohamed ahm ashraf
2024-11-30 04:01:25 INFO  AllureLog4jListener:35 - Logs are attached with Allure report.
2024-11-30 04:01:25 INFO  AllureLog4jListener:35 - Logs are attached with Allure report.
2024-11-30 04:01:25 INFO  GetWebDriver:63 - Starting Enter_Admin_inValid_empty_Pass test with UserRole: A, Status: D, EmployeeName: savina dulvin, UserName: Abdel Gafar
2024-11-30 04:01:26 INFO  BasePage:44 - Clicked on Admin Icon
2024-11-30 04:01:26 INFO  BasePage:43 - Admin title is present: Admin
2024-11-30 04:01:26 INFO  BasePage:56 - Clicked on Add Employee Button
2024-11-30 04:01:27 INFO  BasePage:63 - Entered User Role
2024-11-30 04:01:27 DEBUG PackageRelationshipCollection:307 - Parsing relationship: /xl/_rels/workbook.xml.rels
2024-11-30 04:01:27 DEBUG PackageRelationshipCollection:307 - Parsing relationship: /_rels/.rels
2024-11-30 04:01:27 INFO  BasePage:62 - Entered Employee Name: Timothy Lewis Amiano
2024-11-30 04:01:37 INFO  AllureLog4jListener:35 - Logs are attached with Allure report.
2024-11-30 04:01:37 INFO  AllureLog4jListener:35 - Logs are attached with Allure report.
2024-11-30 04:01:37 INFO  GetWebDriver:63 - Starting Enter_Admin_inValid_empty_Pass test with UserRole: A, Status: D, EmployeeName: savina dulvin, UserName: Abdel Gafar
2024-11-30 04:01:38 INFO  BasePage:44 - Clicked on Admin Icon
2024-11-30 04:01:38 INFO  BasePage:43 - Admin title is present: Admin
2024-11-30 04:01:39 INFO  BasePage:56 - Clicked on Add Employee Button
2024-11-30 04:01:39 INFO  BasePage:63 - Entered User Role
2024-11-30 04:01:39 DEBUG PackageRelationshipCollection:307 - Parsing relationship: /xl/_rels/workbook.xml.rels
2024-11-30 04:01:39 DEBUG PackageRelationshipCollection:307 - Parsing relationship: /_rels/.rels
2024-11-30 04:01:39 INFO  BasePage:62 - Entered Employee Name: Ravi M B
2024-11-30 04:01:49 INFO  AllureLog4jListener:35 - Logs are attached with Allure report.
2024-11-30 04:01:49 INFO  AllureLog4jListener:35 - Logs are attached with Allure report.
2024-11-30 04:01:49 INFO  GetWebDriver:63 - Starting Enter_Admin_inValid_empty_Pass test with UserRole: A, Status: D, EmployeeName: savina dulvin, UserName: Hassan
2024-11-30 04:01:50 INFO  BasePage:44 - Clicked on Admin Icon
2024-11-30 04:01:50 INFO  BasePage:43 - Admin title is present: Admin
2024-11-30 04:01:51 INFO  BasePage:56 - Clicked on Add Employee Button
2024-11-30 04:01:51 INFO  BasePage:63 - Entered User Role
2024-11-30 04:01:51 DEBUG PackageRelationshipCollection:307 - Parsing relationship: /xl/_rels/workbook.xml.rels
2024-11-30 04:01:51 DEBUG PackageRelationshipCollection:307 - Parsing relationship: /_rels/.rels
2024-11-30 04:01:51 INFO  BasePage:62 - Entered Employee Name: 99N75 425 5TlV
2024-11-30 04:02:01 INFO  AllureLog4jListener:35 - Logs are attached with Allure report.
2024-11-30 04:02:01 INFO  AllureLog4jListener:35 - Logs are attached with Allure report.
2024-11-30 04:02:01 INFO  GetWebDriver:63 - Starting Enter_Admin_inValid_empty_Pass test with UserRole: A, Status: D, EmployeeName: savina dulvin, UserName: Hassan
2024-11-30 04:02:02 INFO  BasePage:44 - Clicked on Admin Icon
2024-11-30 04:02:02 INFO  BasePage:43 - Admin title is present: Admin
2024-11-30 04:02:03 INFO  BasePage:56 - Clicked on Add Employee Button
2024-11-30 04:02:03 INFO  BasePage:63 - Entered User Role
2024-11-30 04:02:03 DEBUG PackageRelationshipCollection:307 - Parsing relationship: /xl/_rels/workbook.xml.rels
2024-11-30 04:02:03 DEBUG PackageRelationshipCollection:307 - Parsing relationship: /_rels/.rels
2024-11-30 04:02:03 INFO  BasePage:62 - Entered Employee Name: Ahmed karim ali
2024-11-30 04:02:13 INFO  AllureLog4jListener:35 - Logs are attached with Allure report.
2024-11-30 04:02:14 INFO  AllureLog4jListener:35 - Logs are attached with Allure report.
2024-11-30 04:02:14 INFO  GetWebDriver:63 - Starting Enter_Admin_inValid_empty_Pass test with UserRole: A, Status: D, EmployeeName: , UserName: 111@1245
2024-11-30 04:02:14 INFO  BasePage:44 - Clicked on Admin Icon
2024-11-30 04:02:15 INFO  BasePage:43 - Admin title is present: Admin
2024-11-30 04:02:15 INFO  BasePage:56 - Clicked on Add Employee Button
2024-11-30 04:02:15 INFO  BasePage:63 - Entered User Role
2024-11-30 04:02:15 DEBUG PackageRelationshipCollection:307 - Parsing relationship: /xl/_rels/workbook.xml.rels
2024-11-30 04:02:15 DEBUG PackageRelationshipCollection:307 - Parsing relationship: /_rels/.rels
2024-11-30 04:02:15 INFO  BasePage:62 - Entered Employee Name: Timothy Lewis Amiano
2024-11-30 04:02:25 INFO  AllureLog4jListener:35 - Logs are attached with Allure report.
2024-11-30 04:02:25 INFO  AllureLog4jListener:35 - Logs are attached with Allure report.
2024-11-30 04:02:26 INFO  GetWebDriver:63 - Starting Enter_Admin_inValid_empty_Pass test with UserRole: A, Status: D, EmployeeName: , UserName: 111@1245
2024-11-30 04:02:26 INFO  BasePage:44 - Clicked on Admin Icon
2024-11-30 04:02:27 INFO  BasePage:43 - Admin title is present: Admin
2024-11-30 04:02:27 INFO  BasePage:56 - Clicked on Add Employee Button
2024-11-30 04:02:27 INFO  BasePage:63 - Entered User Role
2024-11-30 04:02:27 DEBUG PackageRelationshipCollection:307 - Parsing relationship: /xl/_rels/workbook.xml.rels
2024-11-30 04:02:27 DEBUG PackageRelationshipCollection:307 - Parsing relationship: /_rels/.rels
2024-11-30 04:02:27 INFO  BasePage:62 - Entered Employee Name: Thomas Kutty Benny
2024-11-30 04:02:37 INFO  AllureLog4jListener:35 - Logs are attached with Allure report.
2024-11-30 04:02:38 INFO  AllureLog4jListener:35 - Logs are attached with Allure report.
2024-11-30 04:02:38 INFO  GetWebDriver:63 - Starting Enter_Admin_inValid_empty_Pass test with UserRole: E, Status: E, EmployeeName: """""""""""", UserName: """"""""""""
2024-11-30 04:02:38 INFO  BasePage:44 - Clicked on Admin Icon
2024-11-30 04:02:39 INFO  BasePage:43 - Admin title is present: Admin
2024-11-30 04:02:39 INFO  BasePage:56 - Clicked on Add Employee Button
2024-11-30 04:02:40 INFO  BasePage:63 - Entered User Role
2024-11-30 04:02:40 DEBUG PackageRelationshipCollection:307 - Parsing relationship: /xl/_rels/workbook.xml.rels
2024-11-30 04:02:40 DEBUG PackageRelationshipCollection:307 - Parsing relationship: /_rels/.rels
2024-11-30 04:02:40 INFO  BasePage:62 - Entered Employee Name: Ravi M B
2024-11-30 04:02:50 INFO  AllureLog4jListener:35 - Logs are attached with Allure report.
2024-11-30 04:02:50 INFO  AllureLog4jListener:35 - Logs are attached with Allure report.
2024-11-30 04:02:50 INFO  GetWebDriver:63 - Starting Enter_Admin_inValid_empty_Pass test with UserRole: E, Status: E, EmployeeName: """""""""""", UserName: """"""""""""
2024-11-30 04:02:50 INFO  BasePage:44 - Clicked on Admin Icon
2024-11-30 04:02:51 INFO  BasePage:43 - Admin title is present: Admin
2024-11-30 04:02:51 INFO  BasePage:56 - Clicked on Add Employee Button
2024-11-30 04:02:52 INFO  BasePage:63 - Entered User Role
2024-11-30 04:02:52 DEBUG PackageRelationshipCollection:307 - Parsing relationship: /xl/_rels/workbook.xml.rels
2024-11-30 04:02:52 DEBUG PackageRelationshipCollection:307 - Parsing relationship: /_rels/.rels
2024-11-30 04:02:52 INFO  BasePage:62 - Entered Employee Name: mohamed ahm ashraf
