2024-11-20 01:07:42 INFO  GetWebDriver:65 - Log file './logs/application.log' cleaned successfully.
2024-11-20 01:07:42 DEBUG WebDriverManager:227 - Using WebDriverManager 5.9.2
2024-11-20 01:07:42 DEBUG ResolutionCache:186 - Resolution chrome=131 in cache (valid until 02:00:42 20/11/2024 EET)
2024-11-20 01:07:42 DEBUG ResolutionCache:186 - Resolution chrome131=131.0.6778.85 in cache (valid until 01:00:42 21/11/2024 EET)
2024-11-20 01:07:42 INFO  WebDriverManager:1220 - Using chromedriver 131.0.6778.85 (resolved driver for Chrome 131)
2024-11-20 01:07:42 DEBUG WebDriverManager:1179 - Driver chromedriver 131.0.6778.85 found in cache
2024-11-20 01:07:42 INFO  WebDriverManager:1282 - Exporting webdriver.chrome.driver as C:\Users\Dell\.cache\selenium\chromedriver\win64\131.0.6778.85\chromedriver.exe
2024-11-20 01:07:42 INFO  GetWebDriver:19 - Launching Chrome browser with mode: incognito
2024-11-20 01:07:44 DEBUG GetWebDriver:54 - Browser window maximized
2024-11-20 01:07:44 DEBUG GetWebDriver:59 - Implicit wait of 10 seconds set for all elements
2024-11-20 01:07:44 INFO  GetWebDriver:49 - Website loaded successfully in normal mode for Chrome
2024-11-20 01:07:46 INFO  AllureLog4jListener:35 - Logs are attached with Allure report.
2024-11-20 01:07:48 INFO  AllureLog4jListener:35 - Logs are attached with Allure report.
2024-11-20 01:07:48 DEBUG GetWebDriver:24 - Open login page to enter with invalid credential
2024-11-20 01:07:48 INFO  AllureLog4jListener:35 - Logs are attached with Allure report.
2024-11-20 01:07:48 INFO  AllureLog4jListener:35 - Logs are attached with Allure report.
2024-11-20 01:07:48 DEBUG GetWebDriver:24 - Open login page to enter with invalid credential
2024-11-20 01:07:48 INFO  BasePage:33 - You are in the login page. Expected title: 'Login', Actual title: 'Login'
2024-11-20 01:07:48 INFO  BasePage:46 - You have entered the username and password
2024-11-20 01:07:48 INFO  GetWebDriver:27 - The login with invalid credential
2024-11-20 01:07:49 WARN  BasePage:54 - Invalid login attempt: Invalid credentials
2024-11-20 01:07:49 INFO  AllureLog4jListener:35 - Logs are attached with Allure report.
2024-11-20 01:07:49 INFO  AllureLog4jListener:35 - Logs are attached with Allure report.
2024-11-20 01:07:49 DEBUG GetWebDriver:37 - Open login page
2024-11-20 01:07:49 INFO  BasePage:33 - You are in the login page. Expected title: 'Login', Actual title: 'Login'
2024-11-20 01:07:50 INFO  BasePage:46 - You have entered the username and password
2024-11-20 01:07:50 INFO  GetWebDriver:40 - The login with valid credential
2024-11-20 01:07:51 INFO  BasePage:62 - Successfully logged in, dashboard title: 'Dashboard'
2024-11-20 01:07:51 INFO  AllureLog4jListener:35 - Logs are attached with Allure report.
2024-11-20 01:07:51 INFO  AllureLog4jListener:35 - Logs are attached with Allure report.
2024-11-20 01:07:51 INFO  GetWebDriver:86 - Recording stopped.
2024-11-20 01:07:51 INFO  AllureLog4jListener:35 - Logs are attached with Allure report.
2024-11-20 01:07:51 INFO  AllureLog4jListener:35 - Logs are attached with Allure report.
2024-11-20 01:07:52 INFO  BasePage:49 - Collect Employee Names: [A8DCo 4Ys 010Z, fYghhQVfCz 2U4dHfaDKb 3z0AdrakYS, 123445 34 444444, 99N75 425 5TlV, UV8EBRiMHb XpPCRgFWiv 8kobuHZ8Ec, yedghjb1 ru84 90jsnd, Ranga Akunuri, Tony Aldridge, Tony Aldridge, Tony Aldridge, Tony Aldridge, Tony Aldridge, Tony Aldridge, Tony Aldridge]
2024-11-20 01:07:53 DEBUG ZipPackage:546 - Save core properties part
2024-11-20 01:07:53 DEBUG ZipPackage:568 - Save content types part
2024-11-20 01:07:53 DEBUG ZipPackage:572 - Save package relationships
2024-11-20 01:07:53 DEBUG ZipPackage:586 - Save part 'docProps/app.xml'
2024-11-20 01:07:53 DEBUG ZipPackage:586 - Save part 'docProps/core.xml'
2024-11-20 01:07:53 DEBUG ZipPackage:586 - Save part 'xl/sharedStrings.xml'
2024-11-20 01:07:53 DEBUG ZipPackage:586 - Save part 'xl/styles.xml'
2024-11-20 01:07:53 DEBUG ZipPackage:586 - Save part 'xl/workbook.xml'
2024-11-20 01:07:53 DEBUG ZipPackage:586 - Save part 'xl/worksheets/sheet1.xml'
2024-11-20 01:07:53 DEBUG ZipPackage:568 - Save content types part
2024-11-20 01:07:53 DEBUG ZipPackage:572 - Save package relationships
2024-11-20 01:07:53 DEBUG ZipPackage:586 - Save part 'docProps/app.xml'
2024-11-20 01:07:53 DEBUG ZipPackage:586 - Save part 'docProps/core.xml'
2024-11-20 01:07:53 DEBUG ZipPackage:586 - Save part 'xl/sharedStrings.xml'
2024-11-20 01:07:53 DEBUG ZipPackage:586 - Save part 'xl/styles.xml'
2024-11-20 01:07:53 DEBUG ZipPackage:586 - Save part 'xl/workbook.xml'
2024-11-20 01:07:53 DEBUG ZipPackage:586 - Save part 'xl/worksheets/sheet1.xml'
2024-11-20 01:07:53 INFO  AllureLog4jListener:35 - Logs are attached with Allure report.
2024-11-20 01:07:53 INFO  AllureLog4jListener:35 - Logs are attached with Allure report.
2024-11-20 01:07:53 INFO  GetWebDriver:86 - Recording stopped.
