2024-11-20 01:24:46 INFO  GetWebDriver:65 - Log file './logs/application.log' cleaned successfully.
2024-11-20 01:24:46 DEBUG WebDriverManager:227 - Using WebDriverManager 5.9.2
2024-11-20 01:24:46 DEBUG ResolutionCache:186 - Resolution chrome=131 in cache (valid until 02:00:42 20/11/2024 EET)
2024-11-20 01:24:46 DEBUG ResolutionCache:186 - Resolution chrome131=131.0.6778.85 in cache (valid until 01:00:42 21/11/2024 EET)
2024-11-20 01:24:46 INFO  WebDriverManager:1220 - Using chromedriver 131.0.6778.85 (resolved driver for Chrome 131)
2024-11-20 01:24:46 DEBUG WebDriverManager:1179 - Driver chromedriver 131.0.6778.85 found in cache
2024-11-20 01:24:46 INFO  WebDriverManager:1282 - Exporting webdriver.chrome.driver as C:\Users\Dell\.cache\selenium\chromedriver\win64\131.0.6778.85\chromedriver.exe
2024-11-20 01:24:46 INFO  GetWebDriver:19 - Launching Chrome browser with mode: incognito
2024-11-20 01:24:48 DEBUG GetWebDriver:54 - Browser window maximized
2024-11-20 01:24:48 DEBUG GetWebDriver:59 - Implicit wait of 10 seconds set for all elements
2024-11-20 01:24:48 INFO  GetWebDriver:49 - Website loaded successfully in normal mode for Chrome
2024-11-20 01:24:51 INFO  AllureLog4jListener:35 - Logs are attached with Allure report.
2024-11-20 01:24:53 INFO  AllureLog4jListener:35 - Logs are attached with Allure report.
2024-11-20 01:24:53 DEBUG GetWebDriver:24 - Open login page to enter with invalid credential
2024-11-20 01:24:53 INFO  AllureLog4jListener:35 - Logs are attached with Allure report.
2024-11-20 01:24:53 INFO  AllureLog4jListener:35 - Logs are attached with Allure report.
2024-11-20 01:24:53 DEBUG GetWebDriver:24 - Open login page to enter with invalid credential
2024-11-20 01:24:53 INFO  BasePage:33 - You are in the login page. Expected title: 'Login', Actual title: 'Login'
2024-11-20 01:24:54 INFO  BasePage:46 - You have entered the username and password
2024-11-20 01:24:54 INFO  GetWebDriver:27 - The login with invalid credential
2024-11-20 01:24:55 WARN  BasePage:54 - Invalid login attempt: Invalid credentials
2024-11-20 01:24:55 INFO  AllureLog4jListener:35 - Logs are attached with Allure report.
2024-11-20 01:24:55 INFO  AllureLog4jListener:35 - Logs are attached with Allure report.
2024-11-20 01:24:55 DEBUG GetWebDriver:37 - Open login page
2024-11-20 01:24:55 INFO  BasePage:33 - You are in the login page. Expected title: 'Login', Actual title: 'Login'
2024-11-20 01:24:55 INFO  BasePage:46 - You have entered the username and password
2024-11-20 01:24:55 INFO  GetWebDriver:40 - The login with valid credential
2024-11-20 01:24:57 INFO  BasePage:62 - Successfully logged in, dashboard title: 'Dashboard'
2024-11-20 01:24:57 INFO  AllureLog4jListener:35 - Logs are attached with Allure report.
2024-11-20 01:24:57 INFO  AllureLog4jListener:35 - Logs are attached with Allure report.
2024-11-20 01:24:57 INFO  GetWebDriver:86 - Recording stopped.
2024-11-20 01:24:57 INFO  AllureLog4jListener:35 - Logs are attached with Allure report.
2024-11-20 01:24:57 INFO  AllureLog4jListener:35 - Logs are attached with Allure report.
2024-11-20 01:27:35 DEBUG ZipPackage:546 - Save core properties part
2024-11-20 01:27:35 DEBUG ZipPackage:568 - Save content types part
2024-11-20 01:27:35 DEBUG ZipPackage:572 - Save package relationships
2024-11-20 01:27:35 DEBUG ZipPackage:586 - Save part 'docProps/app.xml'
2024-11-20 01:27:35 DEBUG ZipPackage:586 - Save part 'docProps/core.xml'
2024-11-20 01:27:35 DEBUG ZipPackage:586 - Save part 'xl/sharedStrings.xml'
2024-11-20 01:27:35 DEBUG ZipPackage:586 - Save part 'xl/styles.xml'
2024-11-20 01:27:35 DEBUG ZipPackage:586 - Save part 'xl/workbook.xml'
2024-11-20 01:27:35 DEBUG ZipPackage:586 - Save part 'xl/worksheets/sheet1.xml'
2024-11-20 01:27:35 DEBUG ZipPackage:568 - Save content types part
2024-11-20 01:27:35 DEBUG ZipPackage:572 - Save package relationships
2024-11-20 01:27:35 DEBUG ZipPackage:586 - Save part 'docProps/app.xml'
2024-11-20 01:27:35 DEBUG ZipPackage:586 - Save part 'docProps/core.xml'
2024-11-20 01:27:35 DEBUG ZipPackage:586 - Save part 'xl/sharedStrings.xml'
2024-11-20 01:27:35 DEBUG ZipPackage:586 - Save part 'xl/styles.xml'
2024-11-20 01:27:35 DEBUG ZipPackage:586 - Save part 'xl/workbook.xml'
2024-11-20 01:27:35 DEBUG ZipPackage:586 - Save part 'xl/worksheets/sheet1.xml'
2024-11-20 01:27:35 INFO  BasePage:89 - Successfully collected and saved employee names.
2024-11-20 01:27:35 INFO  AllureLog4jListener:35 - Logs are attached with Allure report.
2024-11-20 01:27:35 INFO  AllureLog4jListener:35 - Logs are attached with Allure report.
2024-11-20 01:27:35 INFO  GetWebDriver:86 - Recording stopped.
2024-11-20 01:27:35 INFO  AllureLog4jListener:35 - Logs are attached with Allure report.
2024-11-20 01:27:35 INFO  GetWebDriver:60 - Browser instance closed
